[2025-08-18 01:06:52] [macos] Committed changes: Auto-sync from macos: 2025-08-18 01:06:44
[2025-08-18 01:10:34] [macos] Committed changes: Auto-sync from macos: 2025-08-18 01:10:34
[2025-08-18 01:10:35] [macos] Pushed changes to remote
[2025-08-18 01:11:57] [macos] Committed changes: Auto-sync from macos: 2025-08-18 01:11:57
[2025-08-18 01:11:58] [macos] Pushed changes to remote
[2025-08-18 01:17:04] [macos] Committed changes: Auto-sync from macos: 2025-08-18 01:17:03
[2025-08-18 01:17:05] [macos] Pushed changes to remote
[2025-08-18 01:22:11] [macos] Committed changes: Auto-sync from macos: 2025-08-18 01:22:10
[2025-08-18 01:22:12] [macos] Pushed changes to remote
[2025-08-18 01:27:16] [macos] Committed changes: Auto-sync from macos: 2025-08-18 01:27:16
[2025-08-18 01:27:17] [macos] Pushed changes to remote
[2025-08-18 01:32:25] [macos] Committed changes: Auto-sync from macos: 2025-08-18 01:32:25
[2025-08-18 01:32:26] [macos] Pushed changes to remote
[2025-08-18 01:37:32] [macos] Committed changes: Auto-sync from macos: 2025-08-18 01:37:32
[2025-08-18 01:37:33] [macos] Pushed changes to remote
[2025-08-18 01:43:11] [macos] Committed changes: Auto-sync from macos: 2025-08-18 01:43:08
[2025-08-18 01:43:12] [macos] Pushed changes to remote
[2025-08-18 01:49:13] [macos] Commit failed
[2025-08-18 01:52:17] [macos] Committed changes: Auto-sync from macos: 2025-08-18 01:52:17
[2025-08-18 01:52:18] [macos] Pushed changes to remote
[2025-08-18 01:54:35] [macos] Committed changes: Auto-sync from macos: 2025-08-18 01:54:35
[2025-08-18 01:54:36] [macos] Pushed changes to remote
[2025-08-18 01:59:36] [macos] Committed changes: Auto-sync from macos: 2025-08-18 01:59:36
[2025-08-18 01:59:37] [macos] Pushed changes to remote
[2025-08-18 02:04:37] [macos] Committed changes: Auto-sync from macos: 2025-08-18 02:04:37
[2025-08-18 02:04:38] [macos] Pushed changes to remote
[2025-08-18 02:09:38] [macos] Committed changes: Auto-sync from macos: 2025-08-18 02:09:38
[2025-08-18 02:09:39] [macos] Pushed changes to remote
[2025-08-18 02:14:39] [macos] Committed changes: Auto-sync from macos: 2025-08-18 02:14:39
[2025-08-18 02:14:40] [macos] Pushed changes to remote
[2025-08-18 02:19:40] [macos] Committed changes: Auto-sync from macos: 2025-08-18 02:19:40
[2025-08-18 02:19:41] [macos] Pushed changes to remote
[2025-08-18 02:24:41] [macos] Committed changes: Auto-sync from macos: 2025-08-18 02:24:41
[2025-08-18 02:24:42] [macos] Pushed changes to remote
[2025-08-18 02:29:45] [macos] Committed changes: Auto-sync from macos: 2025-08-18 02:29:45
[2025-08-18 02:29:46] [macos] Pushed changes to remote
[2025-08-18 02:34:46] [macos] Committed changes: Auto-sync from macos: 2025-08-18 02:34:46
[2025-08-18 02:34:47] [macos] Pushed changes to remote
[2025-08-18 02:39:47] [macos] Committed changes: Auto-sync from macos: 2025-08-18 02:39:47
[2025-08-18 02:39:48] [macos] Pushed changes to remote
[2025-08-18 02:44:48] [macos] Committed changes: Auto-sync from macos: 2025-08-18 02:44:48
[2025-08-18 02:44:49] [macos] Pushed changes to remote
[2025-08-18 02:49:49] [macos] Committed changes: Auto-sync from macos: 2025-08-18 02:49:49
[2025-08-18 02:49:50] [macos] Pushed changes to remote
[2025-08-18 02:54:51] [macos] Committed changes: Auto-sync from macos: 2025-08-18 02:54:51
[2025-08-18 02:54:51] [macos] Pushed changes to remote
[2025-08-18 02:59:52] [macos] Committed changes: Auto-sync from macos: 2025-08-18 02:59:52
[2025-08-18 02:59:52] [macos] Pushed changes to remote
[2025-08-18 03:04:53] [macos] Committed changes: Auto-sync from macos: 2025-08-18 03:04:53
[2025-08-18 03:04:53] [macos] Pushed changes to remote
[2025-08-18 06:10:18] [macos] Failed to fetch from remote
[2025-08-18 06:10:18] [macos] Committed changes: Auto-sync from macos: 2025-08-18 06:10:18
[2025-08-18 08:02:19] [macos] Push failed, attempting to sync
[2025-08-18 11:21:58] [macos] Failed to fetch from remote
[2025-08-18 11:21:58] [macos] Committed changes: Auto-sync from macos: 2025-08-18 11:21:58
[2025-08-18 11:24:52] [macos] Push failed, attempting to sync
[2025-08-18 11:44:52] [macos] Failed to fetch from remote
[2025-08-18 11:44:52] [macos] Committed changes: Auto-sync from macos: 2025-08-18 11:44:52
[2025-08-18 12:06:00] [macos] Push failed, attempting to sync
[2025-08-18 12:15:20] [macos] Failed to fetch from remote
[2025-08-18 12:15:20] [macos] Committed changes: Auto-sync from macos: 2025-08-18 12:15:20
[2025-08-18 12:17:11] [macos] Push failed, attempting to sync
[2025-08-18 12:26:07] [macos] Failed to fetch from remote
[2025-08-18 12:26:07] [macos] Committed changes: Auto-sync from macos: 2025-08-18 12:26:07
[2025-08-18 12:27:44] [macos] Push failed, attempting to sync
[2025-08-18 13:01:13] [macos] Failed to fetch from remote
[2025-08-18 13:01:13] [macos] Committed changes: Auto-sync from macos: 2025-08-18 13:01:13
[2025-08-18 13:06:07] [macos] Push failed, attempting to sync
[2025-08-18 17:17:25] [macos] Failed to fetch from remote
[2025-08-18 17:17:25] [macos] Committed changes: Auto-sync from macos: 2025-08-18 17:17:25
[2025-08-18 17:22:52] [macos] Push failed, attempting to sync
[2025-08-18 17:54:13] [macos] Failed to fetch from remote
[2025-08-18 17:54:13] [macos] Committed changes: Auto-sync from macos: 2025-08-18 17:54:13
[2025-08-18 17:55:14] [macos] Push failed, attempting to sync
[2025-08-18 18:02:15] [macos] Failed to fetch from remote
[2025-08-18 18:02:15] [macos] Committed changes: Auto-sync from macos: 2025-08-18 18:02:15
[2025-08-18 18:03:15] [macos] Push failed, attempting to sync
[2025-08-18 18:10:16] [macos] Failed to fetch from remote
[2025-08-18 18:10:16] [macos] Committed changes: Auto-sync from macos: 2025-08-18 18:10:16
[2025-08-18 18:11:17] [macos] Push failed, attempting to sync
[2025-08-18 18:18:18] [macos] Failed to fetch from remote
[2025-08-18 18:18:18] [macos] Committed changes: Auto-sync from macos: 2025-08-18 18:18:18
[2025-08-18 18:19:18] [macos] Push failed, attempting to sync
[2025-08-18 18:26:19] [macos] Failed to fetch from remote
[2025-08-18 18:26:19] [macos] Committed changes: Auto-sync from macos: 2025-08-18 18:26:19
[2025-08-18 18:27:20] [macos] Push failed, attempting to sync
[2025-08-18 18:34:21] [macos] Failed to fetch from remote
[2025-08-18 18:34:21] [macos] Committed changes: Auto-sync from macos: 2025-08-18 18:34:21
[2025-08-18 18:35:21] [macos] Push failed, attempting to sync
[2025-08-18 18:42:22] [macos] Failed to fetch from remote
